==> Cloning from https://github.com/codevirtuoso-eng/Net8
==> Checking out commit 98bab9d7271dbe1abeaaaad53ba47a18b77188eb in branch main
==> Downloading cache...
==> Transferred 932MB in 10s. Extraction took 1s.
#1 [internal] load build definition from Dockerfile
#1 transferring dockerfile: 363B done
#1 DONE 0.0s
#2 [internal] load metadata for mcr.microsoft.com/dotnet/aspnet:8.0
#2 DONE 0.5s
#3 [internal] load metadata for mcr.microsoft.com/dotnet/sdk:8.0
#3 DONE 0.6s
#4 [internal] load .dockerignore
#4 transferring context: 2B done
#4 DONE 0.0s
#5 importing cache manifest from local:11949783062563696523
#5 inferred cache manifest type: application/vnd.oci.image.index.v1+json done
#5 DONE 0.0s
#6 [build 1/5] FROM mcr.microsoft.com/dotnet/sdk:8.0@sha256:8ab06772f296ed5f541350334f15d9e2ce84ad4b3ce70c90f2e43db2752c30f6
#6 resolve mcr.microsoft.com/dotnet/sdk:8.0@sha256:8ab06772f296ed5f541350334f15d9e2ce84ad4b3ce70c90f2e43db2752c30f6 0.0s done
#6 DONE 0.0s
#7 [runtime 1/3] FROM mcr.microsoft.com/dotnet/aspnet:8.0@sha256:6159cf66274cf52730d7a0c7bb05cf0af94b79370176886ac58286ab6cbb7faf
#7 resolve mcr.microsoft.com/dotnet/aspnet:8.0@sha256:6159cf66274cf52730d7a0c7bb05cf0af94b79370176886ac58286ab6cbb7faf 0.0s done
#7 DONE 0.0s
#8 [internal] load build context
#8 transferring context: 30.54MB 0.4s done
#8 DONE 0.5s
#9 [build 2/5] WORKDIR /src
#9 sha256:254e724d77862dc53abbd3bf0e27f9d2f64293909cdd3d0aad6a8fe5a6680659 15.73MB / 28.23MB 0.2s
#9 sha256:254e724d77862dc53abbd3bf0e27f9d2f64293909cdd3d0aad6a8fe5a6680659 28.23MB / 28.23MB 0.3s done
#9 extracting sha256:254e724d77862dc53abbd3bf0e27f9d2f64293909cdd3d0aad6a8fe5a6680659
#9 extracting sha256:254e724d77862dc53abbd3bf0e27f9d2f64293909cdd3d0aad6a8fe5a6680659 0.8s done
#9 sha256:9acf2fcaffb06a804c18d5d7f7d226b76b78e1f1732f75aea4eeacadea074560 17.83MB / 18.72MB 0.2s
#9 sha256:9acf2fcaffb06a804c18d5d7f7d226b76b78e1f1732f75aea4eeacadea074560 18.72MB / 18.72MB 0.2s done
#9 extracting sha256:9acf2fcaffb06a804c18d5d7f7d226b76b78e1f1732f75aea4eeacadea074560
#9 extracting sha256:9acf2fcaffb06a804c18d5d7f7d226b76b78e1f1732f75aea4eeacadea074560 0.4s done
#9 sha256:a29ab1a77506908a84d3f4b2d65d59d10921754891b1441e6684fba11a83c92d 3.28kB / 3.28kB done
#9 extracting sha256:a29ab1a77506908a84d3f4b2d65d59d10921754891b1441e6684fba11a83c92d 0.0s done
#9 sha256:7f5a3171e53f02b00fecce1a7e8b50a876ec012db77862c3da366f2a6dd8a4bb 20.97MB / 32.25MB 0.2s
#9 sha256:7f5a3171e53f02b00fecce1a7e8b50a876ec012db77862c3da366f2a6dd8a4bb 32.25MB / 32.25MB 0.3s done
#9 extracting sha256:7f5a3171e53f02b00fecce1a7e8b50a876ec012db77862c3da366f2a6dd8a4bb
#9 extracting sha256:7f5a3171e53f02b00fecce1a7e8b50a876ec012db77862c3da366f2a6dd8a4bb 0.6s done
#9 sha256:c18ba63153554dcdc7be54d648fad52670e6505c480118b3baaadad486544619 153B / 153B done
#9 extracting sha256:c18ba63153554dcdc7be54d648fad52670e6505c480118b3baaadad486544619 0.0s done
#9 sha256:fc751fa5c1b7f45ea375eb81a48a2c1505db61ce7d141e36735ef30ed2c66c1f 11.07MB / 11.07MB 0.1s done
#9 extracting sha256:fc751fa5c1b7f45ea375eb81a48a2c1505db61ce7d141e36735ef30ed2c66c1f
#9 extracting sha256:fc751fa5c1b7f45ea375eb81a48a2c1505db61ce7d141e36735ef30ed2c66c1f 0.2s done
#9 sha256:52dc65d6d9fa4cf0ea1ca43df3a367a3a70978ec4eb98f52101146ccf2b03b4c 25.17MB / 30.88MB 0.2s
#9 sha256:52dc65d6d9fa4cf0ea1ca43df3a367a3a70978ec4eb98f52101146ccf2b03b4c 30.88MB / 30.88MB 0.3s done
#9 extracting sha256:52dc65d6d9fa4cf0ea1ca43df3a367a3a70978ec4eb98f52101146ccf2b03b4c
#9 extracting sha256:52dc65d6d9fa4cf0ea1ca43df3a367a3a70978ec4eb98f52101146ccf2b03b4c 0.9s done
#9 sha256:ec5a6c47e8101ee37d3d7ed1ce7631098bd3519172fe9c607ed4c8ad410deb04 22.02MB / 174.07MB 0.2s
#9 sha256:ec5a6c47e8101ee37d3d7ed1ce7631098bd3519172fe9c607ed4c8ad410deb04 38.80MB / 174.07MB 0.3s
#9 sha256:ec5a6c47e8101ee37d3d7ed1ce7631098bd3519172fe9c607ed4c8ad410deb04 60.50MB / 174.07MB 0.5s
#9 sha256:ec5a6c47e8101ee37d3d7ed1ce7631098bd3519172fe9c607ed4c8ad410deb04 79.14MB / 174.07MB 0.6s
#9 sha256:ec5a6c47e8101ee37d3d7ed1ce7631098bd3519172fe9c607ed4c8ad410deb04 102.76MB / 174.07MB 0.8s
#9 sha256:ec5a6c47e8101ee37d3d7ed1ce7631098bd3519172fe9c607ed4c8ad410deb04 119.01MB / 174.07MB 0.9s
#9 sha256:ec5a6c47e8101ee37d3d7ed1ce7631098bd3519172fe9c607ed4c8ad410deb04 141.56MB / 174.07MB 1.1s
#9 sha256:ec5a6c47e8101ee37d3d7ed1ce7631098bd3519172fe9c607ed4c8ad410deb04 159.38MB / 174.07MB 1.2s
#9 sha256:ec5a6c47e8101ee37d3d7ed1ce7631098bd3519172fe9c607ed4c8ad410deb04 174.07MB / 174.07MB 1.4s
#9 sha256:ec5a6c47e8101ee37d3d7ed1ce7631098bd3519172fe9c607ed4c8ad410deb04 174.07MB / 174.07MB 1.6s done
#9 extracting sha256:ec5a6c47e8101ee37d3d7ed1ce7631098bd3519172fe9c607ed4c8ad410deb04
#9 extracting sha256:ec5a6c47e8101ee37d3d7ed1ce7631098bd3519172fe9c607ed4c8ad410deb04 10.1s done
#9 sha256:db54c77230ca02f972d018216bb734b9cfa008674aa8a7ab8e7892c046e8c61c 2.65kB / 2.65kB 0.1s done
#9 extracting sha256:db54c77230ca02f972d018216bb734b9cfa008674aa8a7ab8e7892c046e8c61c
#9 extracting sha256:db54c77230ca02f972d018216bb734b9cfa008674aa8a7ab8e7892c046e8c61c 1.3s done
#9 sha256:5357fc0834b6b0a1000467c98dcac2d3acc8bca96f91042785e7e28504703bb1 15.79MB / 15.79MB 0.1s done
#9 extracting sha256:5357fc0834b6b0a1000467c98dcac2d3acc8bca96f91042785e7e28504703bb1
#9 extracting sha256:5357fc0834b6b0a1000467c98dcac2d3acc8bca96f91042785e7e28504703bb1 0.4s done
#9 sha256:fa8b28f2175e1bee16cbb5955d1d7500e115d420055010521b115889d1dc99f8 91B / 91B done
#9 extracting sha256:fa8b28f2175e1bee16cbb5955d1d7500e115d420055010521b115889d1dc99f8 0.0s done
#9 CACHED
#10 [build 3/5] COPY . .
#10 DONE 0.3s
#11 [build 4/5] WORKDIR /src/MvcWebApplication
#11 DONE 0.0s
#12 [build 5/5] RUN dotnet publish -c Release -o /app/publish
#12 0.844   Determining projects to restore...
#12 1.877   Restored /src/SharedLibrary/SharedLibrary.csproj (in 97 ms).
#12 6.494   Restored /src/DatabaseAccess/DatabaseAccess.csproj (in 4.74 sec).
#12 21.82   Restored /src/MvcWebApplication/MvcWebApplication.csproj (in 19.92 sec).
#12 25.21   SharedLibrary -> /src/SharedLibrary/bin/Release/net8.0/SharedLibrary.dll
#12 25.96 /src/DatabaseAccess/Data/DataAccess/OrderData.cs(53,31): warning CS1998: This async method lacks 'await' operators and will run synchronously. Consider using the 'await' operator to await non-blocking API calls, or 'await Task.Run(...)' to do CPU-bound work on a background thread. [/src/DatabaseAccess/DatabaseAccess.csproj]
#12 25.96 /src/DatabaseAccess/Data/DataAccess/OrderData.cs(60,43): warning CS1998: This async method lacks 'await' operators and will run synchronously. Consider using the 'await' operator to await non-blocking API calls, or 'await Task.Run(...)' to do CPU-bound work on a background thread. [/src/DatabaseAccess/DatabaseAccess.csproj]
#12 25.96 /src/DatabaseAccess/Data/DataAccess/OrderData.cs(67,21): warning CS1998: This async method lacks 'await' operators and will run synchronously. Consider using the 'await' operator to await non-blocking API calls, or 'await Task.Run(...)' to do CPU-bound work on a background thread. [/src/DatabaseAccess/DatabaseAccess.csproj]
#12 26.05   DatabaseAccess -> /src/DatabaseAccess/bin/Release/net8.0/DatabaseAccess.dll
#12 29.96 /src/MvcWebApplication/ViewFunctions/ShoppingViewFunctions.cs(16,7): warning CS0105: The using directive for 'System.Threading.Tasks' appeared previously in this namespace [/src/MvcWebApplication/MvcWebApplication.csproj]
#12 29.96 /src/MvcWebApplication/ViewFunctions/ShoppingViewFunctions.cs(22,43): warning CS1998: This async method lacks 'await' operators and will run synchronously. Consider using the 'await' operator to await non-blocking API calls, or 'await Task.Run(...)' to do CPU-bound work on a background thread. [/src/MvcWebApplication/MvcWebApplication.csproj]
#12 29.96 /src/MvcWebApplication/ViewFunctions/ShoppingViewFunctions.cs(39,33): warning CS1998: This async method lacks 'await' operators and will run synchronously. Consider using the 'await' operator to await non-blocking API calls, or 'await Task.Run(...)' to do CPU-bound work on a background thread. [/src/MvcWebApplication/MvcWebApplication.csproj]
#12 29.96 /src/MvcWebApplication/ViewFunctions/ShoppingViewFunctions.cs(74,21): error CS0117: 'IndexViewModel' does not contain a definition for 'MenuListings' [/src/MvcWebApplication/MvcWebApplication.csproj]
#12 29.96 /src/MvcWebApplication/ViewFunctions/ShoppingCartViewFunctions.cs(40,39): error CS1061: 'ShoppingCartItem' does not contain a definition for 'LineTotal' and no accessible extension method 'LineTotal' accepting a first argument of type 'ShoppingCartItem' could be found (are you missing a using directive or an assembly reference?) [/src/MvcWebApplication/MvcWebApplication.csproj]
#12 29.96 /src/MvcWebApplication/ViewFunctions/ShoppingCartViewFunctions.cs(46,21): error CS0117: 'IndexViewModel' does not contain a definition for 'CartTotal' [/src/MvcWebApplication/MvcWebApplication.csproj]
#12 29.96 /src/MvcWebApplication/Controllers/OrdersController.cs(49,36): warning CS1998: This async method lacks 'await' operators and will run synchronously. Consider using the 'await' operator to await non-blocking API calls, or 'await Task.Run(...)' to do CPU-bound work on a background thread. [/src/MvcWebApplication/MvcWebApplication.csproj]
#12 29.96 /src/MvcWebApplication/ViewFunctions/ShoppingCartViewFunctions.cs(75,29): error CS1061: 'ShoppingCartGetResponseDTO' does not contain a definition for 'Items' and no accessible extension method 'Items' accepting a first argument of type 'ShoppingCartGetResponseDTO' could be found (are you missing a using directive or an assembly reference?) [/src/MvcWebApplication/MvcWebApplication.csproj]
#12 29.96 /src/MvcWebApplication/ViewFunctions/ShoppingCartViewFunctions.cs(77,50): error CS1061: 'ShoppingCartGetResponseDTO' does not contain a definition for 'Items' and no accessible extension method 'Items' accepting a first argument of type 'ShoppingCartGetResponseDTO' could be found (are you missing a using directive or an assembly reference?) [/src/MvcWebApplication/MvcWebApplication.csproj]
#12 29.96 /src/MvcWebApplication/ViewFunctions/ShoppingCartViewFunctions.cs(81,29): error CS0117: 'ShoppingCartItem' does not contain a definition for 'Id' [/src/MvcWebApplication/MvcWebApplication.csproj]
#12 29.96 /src/MvcWebApplication/ViewFunctions/ShoppingCartViewFunctions.cs(83,29): error CS0117: 'ShoppingCartItem' does not contain a definition for 'Price' [/src/MvcWebApplication/MvcWebApplication.csproj]
#12 29.96 /src/MvcWebApplication/ViewFunctions/ShoppingCartViewFunctions.cs(85,29): error CS0117: 'ShoppingCartItem' does not contain a definition for 'LineTotal' [/src/MvcWebApplication/MvcWebApplication.csproj]
#12 29.96 /src/MvcWebApplication/ViewFunctions/ShoppingViewFunctions.cs(105,25): error CS0117: 'MenuListing' does not contain a definition for 'Id' [/src/MvcWebApplication/MvcWebApplication.csproj]
#12 29.96 /src/MvcWebApplication/ViewFunctions/ShoppingViewFunctions.cs(105,34): error CS1061: 'MenuListingGetResponseDTO' does not contain a definition for 'Id' and no accessible extension method 'Id' accepting a first argument of type 'MenuListingGetResponseDTO' could be found (are you missing a using directive or an assembly reference?) [/src/MvcWebApplication/MvcWebApplication.csproj]
#12 29.96 /src/MvcWebApplication/ViewFunctions/ShoppingViewFunctions.cs(107,25): error CS0117: 'MenuListing' does not contain a definition for 'Description' [/src/MvcWebApplication/MvcWebApplication.csproj]
#12 29.96 /src/MvcWebApplication/ViewFunctions/ShoppingViewFunctions.cs(107,43): error CS1061: 'MenuListingGetResponseDTO' does not contain a definition for 'Description' and no accessible extension method 'Description' accepting a first argument of type 'MenuListingGetResponseDTO' could be found (are you missing a using directive or an assembly reference?) [/src/MvcWebApplication/MvcWebApplication.csproj]
#12 29.96 /src/MvcWebApplication/ViewFunctions/ShoppingViewFunctions.cs(108,25): error CS0117: 'MenuListing' does not contain a definition for 'Price' [/src/MvcWebApplication/MvcWebApplication.csproj]
#12 29.96 /src/MvcWebApplication/ViewFunctions/ShoppingViewFunctions.cs(108,37): error CS1061: 'MenuListingGetResponseDTO' does not contain a definition for 'Price' and no accessible extension method 'Price' accepting a first argument of type 'MenuListingGetResponseDTO' could be found (are you missing a using directive or an assembly reference?) [/src/MvcWebApplication/MvcWebApplication.csproj]
#12 29.96 /src/MvcWebApplication/ViewFunctions/OrdersViewFunctions.cs(99,21): warning CS1998: This async method lacks 'await' operators and will run synchronously. Consider using the 'await' operator to await non-blocking API calls, or 'await Task.Run(...)' to do CPU-bound work on a background thread. [/src/MvcWebApplication/MvcWebApplication.csproj]
#12 29.96 /src/MvcWebApplication/ViewFunctions/OrdersViewFunctions.cs(104,21): warning CS1998: This async method lacks 'await' operators and will run synchronously. Consider using the 'await' operator to await non-blocking API calls, or 'await Task.Run(...)' to do CPU-bound work on a background thread. [/src/MvcWebApplication/MvcWebApplication.csproj]
#12 29.96 /src/MvcWebApplication/ViewFunctions/OrdersViewFunctions.cs(110,21): warning CS1998: This async method lacks 'await' operators and will run synchronously. Consider using the 'await' operator to await non-blocking API calls, or 'await Task.Run(...)' to do CPU-bound work on a background thread. [/src/MvcWebApplication/MvcWebApplication.csproj]
#12 29.96 /src/MvcWebApplication/ViewFunctions/ShoppingViewFunctions.cs(131,21): error CS0117: 'ShoppingCartCreateRequestDTO' does not contain a definition for 'MenuListingId' [/src/MvcWebApplication/MvcWebApplication.csproj]
#12 29.96 /src/MvcWebApplication/ViewFunctions/ShoppingViewFunctions.cs(132,21): error CS0117: 'ShoppingCartCreateRequestDTO' does not contain a definition for 'Quantity' [/src/MvcWebApplication/MvcWebApplication.csproj]
#12 29.96 /src/MvcWebApplication/ViewFunctions/ShoppingViewFunctions.cs(133,21): error CS0117: 'ShoppingCartCreateRequestDTO' does not contain a definition for 'UserIdentifier' [/src/MvcWebApplication/MvcWebApplication.csproj]
#12 29.96 /src/MvcWebApplication/ViewFunctions/ShoppingCartViewFunctions.cs(98,43): error CS1061: 'HttpContext' does not contain a definition for 'GetTokenAsync' and no accessible extension method 'GetTokenAsync' accepting a first argument of type 'HttpContext' could be found (are you missing a using directive or an assembly reference?) [/src/MvcWebApplication/MvcWebApplication.csproj]
#12 29.96 /src/MvcWebApplication/Controllers/OrdersController.cs(70,36): warning CS1998: This async method lacks 'await' operators and will run synchronously. Consider using the 'await' operator to await non-blocking API calls, or 'await Task.Run(...)' to do CPU-bound work on a background thread. [/src/MvcWebApplication/MvcWebApplication.csproj]
#12 29.96 /src/MvcWebApplication/ViewFunctions/ShoppingViewFunctions.cs(161,21): error CS0117: 'ShoppingCartRemoveRequestDTO' does not contain a definition for 'MenuListingId' [/src/MvcWebApplication/MvcWebApplication.csproj]
#12 29.96 /src/MvcWebApplication/ViewFunctions/ShoppingViewFunctions.cs(162,21): error CS0117: 'ShoppingCartRemoveRequestDTO' does not contain a definition for 'UserIdentifier' [/src/MvcWebApplication/MvcWebApplication.csproj]
#12 29.96 /src/MvcWebApplication/ViewFunctions/HomeViewFunctions.cs(79,50): warning CS1998: This async method lacks 'await' operators and will run synchronously. Consider using the 'await' operator to await non-blocking API calls, or 'await Task.Run(...)' to do CPU-bound work on a background thread. [/src/MvcWebApplication/MvcWebApplication.csproj]
#12 29.96 /src/MvcWebApplication/Controllers/OrdersController.cs(91,36): warning CS1998: This async method lacks 'await' operators and will run synchronously. Consider using the 'await' operator to await non-blocking API calls, or 'await Task.Run(...)' to do CPU-bound work on a background thread. [/src/MvcWebApplication/MvcWebApplication.csproj]
#12 29.96 /src/MvcWebApplication/ViewFunctions/ShoppingViewFunctions.cs(190,21): error CS0117: 'ShoppingCartEmptyRequestDTO' does not contain a definition for 'UserIdentifier' [/src/MvcWebApplication/MvcWebApplication.csproj]
#12 29.96 /src/MvcWebApplication/ViewFunctions/ShoppingCartViewFunctions.cs(112,43): error CS1061: 'HttpContext' does not contain a definition for 'GetTokenAsync' and no accessible extension method 'GetTokenAsync' accepting a first argument of type 'HttpContext' could be found (are you missing a using directive or an assembly reference?) [/src/MvcWebApplication/MvcWebApplication.csproj]
#12 29.96 /src/MvcWebApplication/ViewFunctions/ShoppingCartViewFunctions.cs(130,43): error CS1061: 'HttpContext' does not contain a definition for 'GetTokenAsync' and no accessible extension method 'GetTokenAsync' accepting a first argument of type 'HttpContext' could be found (are you missing a using directive or an assembly reference?) [/src/MvcWebApplication/MvcWebApplication.csproj]
#12 29.96 /src/MvcWebApplication/ViewFunctions/ShoppingCartViewFunctions.cs(148,43): error CS1061: 'HttpContext' does not contain a definition for 'GetTokenAsync' and no accessible extension method 'GetTokenAsync' accepting a first argument of type 'HttpContext' could be found (are you missing a using directive or an assembly reference?) [/src/MvcWebApplication/MvcWebApplication.csproj]
#12 29.96 /src/MvcWebApplication/Views/Shopping/Index.cshtml(12,12): error CS1061: 'IndexViewModel' does not contain a definition for 'MenuListings' and no accessible extension method 'MenuListings' accepting a first argument of type 'IndexViewModel' could be found (are you missing a using directive or an assembly reference?) [/src/MvcWebApplication/MvcWebApplication.csproj]
#12 29.96 /src/MvcWebApplication/Views/Shopping/Index.cshtml(12,42): error CS1061: 'IndexViewModel' does not contain a definition for 'MenuListings' and no accessible extension method 'MenuListings' accepting a first argument of type 'IndexViewModel' could be found (are you missing a using directive or an assembly reference?) [/src/MvcWebApplication/MvcWebApplication.csproj]
#12 29.96 /src/MvcWebApplication/Views/Shopping/Index.cshtml(15,37): error CS1061: 'IndexViewModel' does not contain a definition for 'MenuListings' and no accessible extension method 'MenuListings' accepting a first argument of type 'IndexViewModel' could be found (are you missing a using directive or an assembly reference?) [/src/MvcWebApplication/MvcWebApplication.csproj]
#12 29.96 /src/MvcWebApplication/Views/ShoppingCarts/Index.cshtml(27,36): error CS1061: 'ShoppingCartItem' does not contain a definition for 'Price' and no accessible extension method 'Price' accepting a first argument of type 'ShoppingCartItem' could be found (are you missing a using directive or an assembly reference?) [/src/MvcWebApplication/MvcWebApplication.csproj]
#12 29.96 /src/MvcWebApplication/Views/ShoppingCarts/Index.cshtml(29,36): error CS1061: 'ShoppingCartItem' does not contain a definition for 'LineTotal' and no accessible extension method 'LineTotal' accepting a first argument of type 'ShoppingCartItem' could be found (are you missing a using directive or an assembly reference?) [/src/MvcWebApplication/MvcWebApplication.csproj]
#12 29.96 /src/MvcWebApplication/Views/ShoppingCarts/Index.cshtml(32,77): error CS1061: 'ShoppingCartItem' does not contain a definition for 'Id' and no accessible extension method 'Id' accepting a first argument of type 'ShoppingCartItem' could be found (are you missing a using directive or an assembly reference?) [/src/MvcWebApplication/MvcWebApplication.csproj]
#12 29.96 /src/MvcWebApplication/Views/ShoppingCarts/Index.cshtml(42,33): error CS1061: 'IndexViewModel' does not contain a definition for 'CartTotal' and no accessible extension method 'CartTotal' accepting a first argument of type 'IndexViewModel' could be found (are you missing a using directive or an assembly reference?) [/src/MvcWebApplication/MvcWebApplication.csproj]
#12 ERROR: process "/bin/sh -c dotnet publish -c Release -o /app/publish" did not complete successfully: exit code: 1
------
 > [build 5/5] RUN dotnet publish -c Release -o /app/publish:
29.96 /src/MvcWebApplication/ViewFunctions/ShoppingCartViewFunctions.cs(112,43): error CS1061: 'HttpContext' does not contain a definition for 'GetTokenAsync' and no accessible extension method 'GetTokenAsync' accepting a first argument of type 'HttpContext' could be found (are you missing a using directive or an assembly reference?) [/src/MvcWebApplication/MvcWebApplication.csproj]
29.96 /src/MvcWebApplication/ViewFunctions/ShoppingCartViewFunctions.cs(130,43): error CS1061: 'HttpContext' does not contain a definition for 'GetTokenAsync' and no accessible extension method 'GetTokenAsync' accepting a first argument of type 'HttpContext' could be found (are you missing a using directive or an assembly reference?) [/src/MvcWebApplication/MvcWebApplication.csproj]
29.96 /src/MvcWebApplication/ViewFunctions/ShoppingCartViewFunctions.cs(148,43): error CS1061: 'HttpContext' does not contain a definition for 'GetTokenAsync' and no accessible extension method 'GetTokenAsync' accepting a first argument of type 'HttpContext' could be found (are you missing a using directive or an assembly reference?) [/src/MvcWebApplication/MvcWebApplication.csproj]
29.96 /src/MvcWebApplication/Views/Shopping/Index.cshtml(12,12): error CS1061: 'IndexViewModel' does not contain a definition for 'MenuListings' and no accessible extension method 'MenuListings' accepting a first argument of type 'IndexViewModel' could be found (are you missing a using directive or an assembly reference?) [/src/MvcWebApplication/MvcWebApplication.csproj]
29.96 /src/MvcWebApplication/Views/Shopping/Index.cshtml(12,42): error CS1061: 'IndexViewModel' does not contain a definition for 'MenuListings' and no accessible extension method 'MenuListings' accepting a first argument of type 'IndexViewModel' could be found (are you missing a using directive or an assembly reference?) [/src/MvcWebApplication/MvcWebApplication.csproj]
29.96 /src/MvcWebApplication/Views/Shopping/Index.cshtml(15,37): error CS1061: 'IndexViewModel' does not contain a definition for 'MenuListings' and no accessible extension method 'MenuListings' accepting a first argument of type 'IndexViewModel' could be found (are you missing a using directive or an assembly reference?) [/src/MvcWebApplication/MvcWebApplication.csproj]
29.96 /src/MvcWebApplication/Views/ShoppingCarts/Index.cshtml(27,36): error CS1061: 'ShoppingCartItem' does not contain a definition for 'Price' and no accessible extension method 'Price' accepting a first argument of type 'ShoppingCartItem' could be found (are you missing a using directive or an assembly reference?) [/src/MvcWebApplication/MvcWebApplication.csproj]
29.96 /src/MvcWebApplication/Views/ShoppingCarts/Index.cshtml(29,36): error CS1061: 'ShoppingCartItem' does not contain a definition for 'LineTotal' and no accessible extension method 'LineTotal' accepting a first argument of type 'ShoppingCartItem' could be found (are you missing a using directive or an assembly reference?) [/src/MvcWebApplication/MvcWebApplication.csproj]
29.96 /src/MvcWebApplication/Views/ShoppingCarts/Index.cshtml(32,77): error CS1061: 'ShoppingCartItem' does not contain a definition for 'Id' and no accessible extension method 'Id' accepting a first argument of type 'ShoppingCartItem' could be found (are you missing a using directive or an assembly reference?) [/src/MvcWebApplication/MvcWebApplication.csproj]
29.96 /src/MvcWebApplication/Views/ShoppingCarts/Index.cshtml(42,33): error CS1061: 'IndexViewModel' does not contain a definition for 'CartTotal' and no accessible extension method 'CartTotal' accepting a first argument of type 'IndexViewModel' could be found (are you missing a using directive or an assembly reference?) [/src/MvcWebApplication/MvcWebApplication.csproj]
------
Dockerfile:6
--------------------
   4 |     COPY . .
   5 |     WORKDIR /src/MvcWebApplication
   6 | >>> RUN dotnet publish -c Release -o /app/publish
   7 |     
   8 |     # Stage 2: Run
--------------------
error: failed to solve: process "/bin/sh -c dotnet publish -c Release -o /app/publish" did not complete successfully: exit code: 1